<?xml version="1.0" encoding="UTF-8"?>
<testng-results skipped="0" failed="0" total="1" passed="1">
  <reporter-output>
  </reporter-output>
  <suite name="Tests" duration-ms="9228" started-at="2016-03-20T18:53:45Z" finished-at="2016-03-20T18:53:54Z">
    <groups>
    </groups>
    <test name="Test1" duration-ms="9228" started-at="2016-03-20T18:53:45Z" finished-at="2016-03-20T18:53:54Z">
      <class name="sasha.LoginTest">
        <test-method status="PASS" signature="init()[pri:0, instance:sasha.LoginTest@3796751b]" name="init" is-config="true" duration-ms="7309" started-at="2016-03-20T20:53:45Z" finished-at="2016-03-20T20:53:52Z">
          <reporter-output>
          </reporter-output>
        </test-method> <!-- init -->
        <test-method status="PASS" signature="testUntitled()[pri:0, instance:sasha.LoginTest@3796751b]" name="testUntitled" duration-ms="1904" started-at="2016-03-20T20:53:52Z" finished-at="2016-03-20T20:53:54Z">
          <reporter-output>
          </reporter-output>
        </test-method> <!-- testUntitled -->
        <test-method status="PASS" signature="tearDown()[pri:0, instance:sasha.LoginTest@3796751b]" name="tearDown" is-config="true" duration-ms="612" started-at="2016-03-20T20:53:54Z" finished-at="2016-03-20T20:53:55Z">
          <reporter-output>
          </reporter-output>
        </test-method> <!-- tearDown -->
      </class> <!-- sasha.LoginTest -->
    </test> <!-- Test1 -->
  </suite> <!-- Tests -->
</testng-results>
