<?xml version="1.0" encoding="UTF-8"?>
<testng-results skipped="0" failed="0" total="1" passed="1">
  <reporter-output>
  </reporter-output>
  <suite name="Default suite" duration-ms="13849" started-at="2016-04-01T05:57:59Z" finished-at="2016-04-01T05:58:13Z">
    <groups>
    </groups>
    <test name="Default test" duration-ms="13849" started-at="2016-04-01T05:57:59Z" finished-at="2016-04-01T05:58:13Z">
      <class name="sasha.LoginTest">
        <test-method status="PASS" signature="init()[pri:0, instance:sasha.LoginTest@1d251891]" name="init" is-config="true" duration-ms="11288" started-at="2016-04-01T08:57:59Z" finished-at="2016-04-01T08:58:11Z">
          <reporter-output>
          </reporter-output>
        </test-method> <!-- init -->
        <test-method status="PASS" signature="testUntitled()[pri:0, instance:sasha.LoginTest@1d251891]" name="testUntitled" duration-ms="2505" started-at="2016-04-01T08:58:11Z" finished-at="2016-04-01T08:58:13Z">
          <reporter-output>
          </reporter-output>
        </test-method> <!-- testUntitled -->
        <test-method status="PASS" signature="tearDown()[pri:0, instance:sasha.LoginTest@1d251891]" name="tearDown" is-config="true" duration-ms="851" started-at="2016-04-01T08:58:13Z" finished-at="2016-04-01T08:58:14Z">
          <reporter-output>
          </reporter-output>
        </test-method> <!-- tearDown -->
      </class> <!-- sasha.LoginTest -->
    </test> <!-- Default test -->
  </suite> <!-- Default suite -->
</testng-results>
